<?xml version="1.0" encoding="UTF-8"?>
<testsuite xmlns:xsi="http://www.w3.org/2001/XMLSchema-instance" xsi:noNamespaceSchemaLocation="https://maven.apache.org/surefire/maven-surefire-plugin/xsd/surefire-test-report.xsd" name="com.battlesnake.starter.SnakeTest" time="0.321" tests="9" errors="0" skipped="0" failures="0">
  <properties>
[...]
</properties>
  <testcase name="startTest" classname="com.battlesnake.starter.SnakeTest" time="0.038"/>
  <testcase name="endTest" classname="com.battlesnake.starter.SnakeTest" time="0.001"/>
  <testcase name="avoidNeckUpTest" classname="com.battlesnake.starter.SnakeTest" time="0.004"/>
  <testcase name="indexTest" classname="com.battlesnake.starter.SnakeTest" time="0.002"/>
  <testcase name="moveTest" classname="com.battlesnake.starter.SnakeTest" time="0.037"/>
  <testcase name="avoidNeckRightTest" classname="com.battlesnake.starter.SnakeTest" time="0"/>
  <testcase name="avoidNeckDownTest" classname="com.battlesnake.starter.SnakeTest" time="0"/>
  <testcase name="avoidNeckLeftTest" classname="com.battlesnake.starter.SnakeTest" time="0"/>
  <testcase name="avoidNeckAllTest" classname="com.battlesnake.starter.SnakeTest" time="0"/>
</testsuite>